-------------------------------------------------------------------------------
Test set: CucumberRunner
-------------------------------------------------------------------------------
Tests run: 2, Failures: 1, Errors: 0, Skipped: 0, Time elapsed: 305.514 s <<< FAILURE! - in CucumberRunner
Поиск наушников(Яндекс Маркет)  Time elapsed: 125.923 s  <<< FAILURE!
org.junit.ComparisonFailure: expected:<...ки Beats Powerbeats [Pro]> but was:<...ки Beats Powerbeats [High-Performance Wireless]>

