<?xml version="1.0" encoding="UTF-8"?>
<testsuite xmlns:xsi="http://www.w3.org/2001/XMLSchema-instance" xsi:noNamespaceSchemaLocation="https://maven.apache.org/surefire/maven-surefire-plugin/xsd/surefire-test-report.xsd" name="CucumberRunner" time="305.514" tests="2" errors="0" skipped="0" failures="1">
  <properties>
[...]
</properties>
  <testcase name="Поиск телевизора" classname="Яндекс Маркет" time="159.354"/>
  <testcase name="Поиск наушников" classname="Яндекс Маркет" time="125.923">
    <failure message="expected:&lt;...ки Beats Powerbeats [Pro]&gt; but was:&lt;...ки Beats Powerbeats [High-Performance Wireless]&gt;" type="org.junit.ComparisonFailure"><![CDATA[org.junit.ComparisonFailure: expected:<...ки Beats Powerbeats [Pro]> but was:<...ки Beats Powerbeats [High-Performance Wireless]>
]]></failure>
    <system-err><![CDATA[Starting ChromeDriver 93.0.4577.15 (660fc11082ba57405eca2e8c49c3e1af756fbfae-refs/branch-heads/4577@{#203}) on port 45699
Only local connections are allowed.
Please see https://chromedriver.chromium.org/security-considerations for suggestions on keeping ChromeDriver safe.
ChromeDriver was started successfully.
сент. 06, 2021 1:16:08 AM org.openqa.selenium.remote.ProtocolHandshake createSession
INFO: Detected dialect: W3C
]]></system-err>
  </testcase>
</testsuite>